TN:
SF:index.js
FN:12,(anonymous_0)
FNF:1
FNH:1
FNDA:4,(anonymous_0)
DA:1,4
DA:2,4
DA:3,4
DA:5,4
DA:6,4
DA:7,4
DA:11,4
DA:12,4
DA:14,4
LF:9
LH:9
BRDA:11,0,0,4
BRDA:11,0,1,4
BRF:2
BRH:2
end_of_record
TN:
SF:app\logging.js
FN:21,(anonymous_0)
FNF:1
FNH:0
FNDA:0,(anonymous_0)
DA:1,4
DA:3,4
DA:17,4
DA:21,4
DA:22,0
DA:25,4
DA:26,4
DA:33,4
LF:8
LH:7
BRDA:25,0,0,4
BRDA:25,0,1,0
BRF:2
BRH:1
end_of_record
TN:
SF:app\routes.js
FN:8,(anonymous_0)
FNF:1
FNH:1
FNDA:4,(anonymous_0)
DA:1,4
DA:2,4
DA:3,4
DA:4,4
DA:5,4
DA:8,4
DA:9,4
DA:10,4
DA:11,4
DA:12,4
DA:13,4
LF:11
LH:11
BRF:0
BRH:0
end_of_record
TN:
SF:config\db.js
FN:16,(anonymous_0)
FNF:1
FNH:1
FNDA:4,(anonymous_0)
DA:1,4
DA:2,4
DA:3,4
DA:5,4
DA:16,4
DA:17,4
DA:18,4
LF:7
LH:7
BRF:0
BRH:0
end_of_record
TN:
SF:controllers\blog.js
FN:7,(anonymous_0)
FN:23,(anonymous_1)
FN:42,(anonymous_2)
FN:67,(anonymous_3)
FN:82,(anonymous_4)
FN:103,(anonymous_5)
FN:124,(anonymous_6)
FN:126,(anonymous_7)
FNF:8
FNH:8
FNDA:1,(anonymous_0)
FNDA:1,(anonymous_1)
FNDA:2,(anonymous_2)
FNDA:5,(anonymous_3)
FNDA:7,(anonymous_4)
FNDA:3,(anonymous_5)
FNDA:2,(anonymous_6)
FNDA:27,(anonymous_7)
DA:1,4
DA:2,4
DA:3,4
DA:4,4
DA:6,4
DA:8,1
DA:9,1
DA:10,1
DA:11,0
DA:12,0
DA:14,1
DA:15,1
DA:16,1
DA:19,0
DA:24,1
DA:25,1
DA:29,1
DA:30,0
DA:31,0
DA:33,1
DA:34,1
DA:35,1
DA:38,0
DA:43,2
DA:44,2
DA:45,2
DA:49,2
DA:50,1
DA:52,1
DA:53,1
DA:54,1
DA:63,1
DA:68,5
DA:69,5
DA:70,1
DA:75,1
DA:76,1
DA:78,4
DA:83,7
DA:84,7
DA:85,7
DA:86,7
DA:87,6
DA:88,5
DA:89,1
DA:93,1
DA:94,1
DA:96,1
DA:99,6
DA:104,3
DA:105,3
DA:106,3
DA:107,3
DA:108,2
DA:110,1
DA:111,0
DA:112,0
DA:113,0
DA:115,1
DA:119,3
DA:124,4
DA:125,2
DA:126,2
DA:127,27
DA:133,27
DA:135,2
LF:66
LH:57
BRDA:10,0,0,0
BRDA:10,0,1,1
BRDA:29,1,0,0
BRDA:29,1,1,1
BRDA:49,2,0,1
BRDA:49,2,1,1
BRDA:86,3,0,1
BRDA:86,3,1,6
BRDA:87,4,0,5
BRDA:87,4,1,1
BRDA:107,5,0,2
BRDA:107,5,1,1
BRDA:110,6,0,0
BRDA:110,6,1,1
BRF:14
BRH:11
end_of_record
TN:
SF:controllers\saved_list.js
FN:5,(anonymous_0)
FN:27,(anonymous_1)
FN:52,(anonymous_2)
FN:76,(anonymous_3)
FN:78,(anonymous_4)
FNF:5
FNH:0
FNDA:0,(anonymous_0)
FNDA:0,(anonymous_1)
FNDA:0,(anonymous_2)
FNDA:0,(anonymous_3)
FNDA:0,(anonymous_4)
DA:1,4
DA:2,4
DA:4,4
DA:6,0
DA:7,0
DA:8,0
DA:14,0
DA:15,0
DA:16,0
DA:18,0
DA:19,0
DA:20,0
DA:23,0
DA:28,0
DA:29,0
DA:30,0
DA:31,0
DA:37,0
DA:38,0
DA:39,0
DA:41,0
DA:45,0
DA:46,0
DA:49,0
DA:53,0
DA:54,0
DA:55,0
DA:56,0
DA:62,0
DA:63,0
DA:64,0
DA:66,0
DA:67,0
DA:68,0
DA:71,0
DA:76,4
DA:77,0
DA:78,0
DA:79,0
DA:80,0
DA:86,0
DA:88,0
LF:42
LH:4
BRDA:14,0,0,0
BRDA:14,0,1,0
BRDA:37,1,0,0
BRDA:37,1,1,0
BRDA:62,2,0,0
BRDA:62,2,1,0
BRF:6
BRH:0
end_of_record
TN:
SF:controllers\user.js
FN:8,(anonymous_0)
FN:30,(anonymous_1)
FN:55,(anonymous_2)
FN:75,(anonymous_3)
FNF:4
FNH:0
FNDA:0,(anonymous_0)
FNDA:0,(anonymous_1)
FNDA:0,(anonymous_2)
FNDA:0,(anonymous_3)
DA:1,4
DA:2,4
DA:3,4
DA:4,4
DA:6,4
DA:9,0
DA:10,0
DA:11,0
DA:12,0
DA:14,0
DA:21,0
DA:22,0
DA:23,0
DA:26,0
DA:31,0
DA:32,0
DA:33,0
DA:34,0
DA:35,0
DA:36,0
DA:37,0
DA:40,0
DA:41,0
DA:42,0
DA:43,0
DA:44,0
DA:46,0
DA:47,0
DA:51,0
DA:56,0
DA:57,0
DA:60,0
DA:61,0
DA:62,0
DA:71,0
DA:76,0
DA:77,0
DA:78,0
DA:79,0
DA:80,0
DA:82,0
DA:83,0
DA:84,0
DA:85,0
DA:88,0
DA:90,0
DA:91,0
DA:92,0
DA:94,0
DA:95,0
DA:96,0
DA:98,0
DA:99,0
DA:100,0
DA:102,0
DA:103,0
DA:104,0
DA:106,0
DA:108,0
DA:109,0
DA:111,0
LF:61
LH:5
BRDA:12,0,0,0
BRDA:12,0,1,0
BRDA:35,1,0,0
BRDA:35,1,1,0
BRDA:42,2,0,0
BRDA:42,2,1,0
BRDA:60,3,0,0
BRDA:60,3,1,0
BRDA:80,4,0,0
BRDA:80,4,1,0
BRDA:80,4,2,0
BRDA:80,4,3,0
BRDA:80,4,4,0
BRDA:80,4,5,0
BRF:14
BRH:0
end_of_record
TN:
SF:middlewares\error_handler.js
FN:3,(anonymous_0)
FNF:1
FNH:1
FNDA:18,(anonymous_0)
DA:1,4
DA:3,4
DA:4,18
DA:5,18
DA:6,18
DA:7,18
DA:8,4
DA:10,14
DA:11,4
DA:13,10
DA:14,8
DA:16,2
DA:17,2
LF:13
LH:13
BRDA:7,0,0,4
BRDA:7,0,1,14
BRDA:10,1,0,4
BRDA:10,1,1,10
BRDA:13,2,0,8
BRDA:13,2,1,2
BRF:6
BRH:6
end_of_record
TN:
SF:middlewares\is_auth.js
FN:5,(anonymous_0)
FNF:1
FNH:1
FNDA:20,(anonymous_0)
DA:1,4
DA:2,4
DA:5,4
DA:6,20
DA:7,20
DA:8,20
DA:9,4
DA:11,16
DA:12,16
DA:13,16
DA:14,16
DA:16,4
LF:12
LH:12
BRDA:8,0,0,4
BRDA:8,0,1,16
BRF:2
BRH:2
end_of_record
TN:
SF:models\blog.js
FNF:0
FNH:0
DA:1,4
DA:2,4
DA:4,4
DA:22,4
LF:4
LH:4
BRF:0
BRH:0
end_of_record
TN:
SF:models\likedBlog.js
FNF:0
FNH:0
DA:1,4
DA:2,4
DA:4,4
DA:13,4
LF:4
LH:4
BRF:0
BRH:0
end_of_record
TN:
SF:models\relations.js
FNF:0
FNH:0
DA:1,4
DA:2,4
DA:3,4
DA:5,4
DA:15,4
DA:25,4
LF:6
LH:6
BRF:0
BRH:0
end_of_record
TN:
SF:models\user.js
FNF:0
FNH:0
DA:1,4
DA:2,4
DA:4,4
DA:38,4
LF:4
LH:4
BRF:0
BRH:0
end_of_record
TN:
SF:routes\blog.js
FNF:0
FNH:0
DA:1,4
DA:2,4
DA:3,4
DA:4,4
DA:6,4
DA:19,4
LF:6
LH:6
BRF:0
BRH:0
end_of_record
TN:
SF:routes\saved_list.js
FNF:0
FNH:0
DA:1,4
DA:2,4
DA:3,4
DA:4,4
DA:6,4
DA:13,4
LF:6
LH:6
BRF:0
BRH:0
end_of_record
TN:
SF:routes\user.js
FNF:0
FNH:0
DA:1,4
DA:2,4
DA:3,4
DA:4,4
DA:6,4
DA:11,4
LF:6
LH:6
BRF:0
BRH:0
end_of_record
TN:
SF:utility\create_token.js
FN:4,(anonymous_0)
FNF:1
FNH:1
FNDA:24,(anonymous_0)
DA:1,5
DA:2,5
DA:4,5
DA:5,24
DA:7,24
DA:15,24
DA:17,0
LF:7
LH:6
BRF:0
BRH:0
end_of_record
TN:
SF:utility\date.js
FN:1,(anonymous_0)
FNF:1
FNH:1
FNDA:28,(anonymous_0)
DA:1,4
DA:2,28
DA:3,28
DA:5,28
LF:4
LH:4
BRF:0
BRH:0
end_of_record
TN:
SF:utility\password.js
FN:3,(anonymous_0)
FN:12,(anonymous_1)
FNF:2
FNH:0
FNDA:0,(anonymous_0)
FNDA:0,(anonymous_1)
DA:1,4
DA:3,4
DA:4,0
DA:5,0
DA:6,0
DA:8,0
DA:12,4
DA:13,0
DA:14,0
DA:15,0
DA:17,0
LF:11
LH:3
BRF:0
BRH:0
end_of_record
TN:
SF:utility\validation.js
FNF:0
FNH:0
DA:1,4
DA:3,4
DA:25,4
DA:34,4
LF:4
LH:4
BRF:0
BRH:0
end_of_record
